<?xml version="1.0" encoding="UTF-8"?>
<testng-results ignored="0" total="1" passed="1" failed="0" skipped="0">
  <reporter-output>
  </reporter-output>
  <suite started-at="2025-02-21T14:41:44 IST" name="Suite" finished-at="2025-02-21T14:41:48 IST" duration-ms="4227">
    <groups>
    </groups>
    <test started-at="2025-02-21T14:41:44 IST" name="Test" finished-at="2025-02-21T14:41:48 IST" duration-ms="4227">
      <class name="testCases.Test_Registration">
        <test-method is-config="true" signature="setup()[pri:0, instance:testCases.Test_Registration@409bf450]" started-at="2025-02-21T14:41:44 IST" name="setup" finished-at="2025-02-21T14:41:46 IST" duration-ms="2213" status="PASS">
          <reporter-output>
          </reporter-output>
        </test-method> <!-- setup -->
        <test-method signature="test_reg()[pri:0, instance:testCases.Test_Registration@409bf450]" started-at="2025-02-21T14:41:46 IST" name="test_reg" finished-at="2025-02-21T14:41:48 IST" duration-ms="1705" status="PASS">
          <reporter-output>
          </reporter-output>
        </test-method> <!-- test_reg -->
        <test-method is-config="true" signature="teardown()[pri:0, instance:testCases.Test_Registration@409bf450]" started-at="2025-02-21T14:41:48 IST" name="teardown" finished-at="2025-02-21T14:41:48 IST" duration-ms="276" status="PASS">
          <reporter-output>
          </reporter-output>
        </test-method> <!-- teardown -->
      </class> <!-- testCases.Test_Registration -->
    </test> <!-- Test -->
  </suite> <!-- Suite -->
</testng-results>
