<?xml version="1.0" encoding="UTF-8"?>
<testng-results ignored="0" total="1" passed="1" failed="0" skipped="0">
  <reporter-output>
  </reporter-output>
  <suite started-at="2025-02-21T13:25:59 IST" name="Default suite" finished-at="2025-02-21T13:26:04 IST" duration-ms="4274">
    <groups>
    </groups>
    <test started-at="2025-02-21T13:25:59 IST" name="Default test" finished-at="2025-02-21T13:26:04 IST" duration-ms="4274">
      <class name="testCases.Test_Registration">
        <test-method is-config="true" signature="setup()[pri:0, instance:testCases.Test_Registration@d35dea7]" started-at="2025-02-21T13:25:59 IST" name="setup" finished-at="2025-02-21T13:26:02 IST" duration-ms="2533" status="PASS">
          <reporter-output>
          </reporter-output>
        </test-method> <!-- setup -->
        <test-method signature="test_reg()[pri:0, instance:testCases.Test_Registration@d35dea7]" started-at="2025-02-21T13:26:02 IST" name="test_reg" finished-at="2025-02-21T13:26:03 IST" duration-ms="1585" status="PASS">
          <reporter-output>
          </reporter-output>
        </test-method> <!-- test_reg -->
        <test-method is-config="true" signature="teardown()[pri:0, instance:testCases.Test_Registration@d35dea7]" started-at="2025-02-21T13:26:03 IST" name="teardown" finished-at="2025-02-21T13:26:04 IST" duration-ms="118" status="PASS">
          <reporter-output>
          </reporter-output>
        </test-method> <!-- teardown -->
      </class> <!-- testCases.Test_Registration -->
    </test> <!-- Default test -->
  </suite> <!-- Default suite -->
</testng-results>
